<?xml version="1.0" encoding="UTF-8"?>
<!-- Generated by org.testng.reporters.JUnitReportReporter -->
<testsuite hostname="C02DL0XFP3YX" failures="0" tests="4" name="api.test.usertests" time="2.696" errors="0" timestamp="2024-02-09T13:22:58 GMT-05:00" skipped="0">
  <testcase classname="api.test.usertests" name="testpostuser" time="1.854"/>
  <testcase classname="api.test.usertests" name="testupdateuserbyname" time="0.445"/>
  <testcase classname="api.test.usertests" name="testgetuserbyname" time="0.212"/>
  <testcase classname="api.test.usertests" name="testdeleteuserbyname" time="0.185"/>
</testsuite> <!-- api.test.usertests -->
