<?xml version="1.0" encoding="UTF-8"?>
<!-- Generated by org.testng.reporters.JUnitReportReporter -->
<testsuite hostname="HP" failures="0" tests="4" name="api.test.usertests" time="3.035" errors="0" timestamp="2024-03-11T14:50:42 EDT" skipped="0">
  <testcase classname="api.test.usertests" name="testpostuser" time="2.204"/>
  <testcase classname="api.test.usertests" name="testupdateuserbyname" time="0.416"/>
  <testcase classname="api.test.usertests" name="testgetuserbyname" time="0.205"/>
  <testcase classname="api.test.usertests" name="testdeleteuserbyname" time="0.210"/>
</testsuite> <!-- api.test.usertests -->
